2025-10-31T15:46:39.433956	crewai_agent	user_data	False	0	Access denied to sensitive table: user_data
2025-10-31T15:46:39.434929	crewai_agent	payment_info	False	0	Access denied to sensitive table: payment_info
2025-10-31T15:46:39.434929	crewai_agent	email_data	True	2	Access granted
2025-10-31T15:47:45.058132	crewai_agent	user_data	False	0	Access denied to sensitive table: user_data
2025-10-31T15:47:45.060132	crewai_agent	payment_info	False	0	Access denied to sensitive table: payment_info
2025-10-31T15:47:45.062190	crewai_agent	email_data	True	2	Access granted
2025-10-31T15:58:47.007464	crewai_agent	user_data	False	0	Access denied to sensitive table: user_data
2025-10-31T15:58:47.008477	crewai_agent	payment_info	False	0	Access denied to sensitive table: payment_info
2025-10-31T15:58:47.010618	crewai_agent	email_data	True	2	Access granted
2025-10-31T15:59:52.073363	crewai_agent	user_data	False	0	Access denied to sensitive table: user_data
2025-10-31T15:59:52.074376	crewai_agent	payment_info	False	0	Access denied to sensitive table: payment_info
2025-10-31T15:59:52.074376	crewai_agent	email_data	True	2	Access granted
2025-10-31T16:04:44.306621	crewai_agent	user_data	False	0	Access denied to sensitive table: user_data
2025-10-31T16:04:44.306621	crewai_agent	payment_info	False	0	Access denied to sensitive table: payment_info
2025-10-31T16:04:44.306621	crewai_agent	email_data	True	2	Access granted
2025-10-31T16:28:44.885927	crewai_agent	user_data	False	0	Access denied to sensitive table: user_data
2025-10-31T16:28:44.886930	crewai_agent	payment_info	False	0	Access denied to sensitive table: payment_info
2025-10-31T16:28:44.886930	crewai_agent	email_data	True	2	Access granted
2025-10-31T16:30:07.334242	crewai_agent	user_data	False	0	Access denied to sensitive table: user_data
2025-10-31T16:30:07.335260	crewai_agent	payment_info	False	0	Access denied to sensitive table: payment_info
2025-10-31T16:30:07.335260	crewai_agent	email_data	True	2	Access granted
2025-10-31T16:35:33.907716	crewai_agent	user_data	False	0	Access denied to sensitive table: user_data
2025-10-31T16:35:33.908723	crewai_agent	payment_info	False	0	Access denied to sensitive table: payment_info
2025-10-31T16:35:33.908723	crewai_agent	email_data	True	2	Access granted
2025-10-31T16:36:11.112611	admin	user_data	True	2	Access granted
2025-10-31T16:36:11.114833	admin	payment_info	True	2	Access granted
2025-10-31T16:36:11.114833	admin	transaction_logs	True	2	Access granted
